<?xml version="1.0" encoding="UTF-8"?>
<testsuite xmlns:xsi="http://www.w3.org/2001/XMLSchema-instance" xsi:noNamespaceSchemaLocation="https://maven.apache.org/surefire/maven-surefire-plugin/xsd/surefire-test-report-3.0.xsd" version="3.0" name="TestSuite" time="11.812" tests="1" errors="0" skipped="0" failures="0">
  <properties>
[...]
</properties>
  <testcase name="testPost" classname="ApiTest.PostRequest" time="8.203">
    <system-out><![CDATA[HTTP/1.1 201 Created
Date: Sun, 07 Mar 2021 12:32:09 GMT
Content-Type: application/json; charset=utf-8
Content-Length: 84
Connection: keep-alive
Set-Cookie: __cfduid=d371fd6097bb8f56e2701888579bb2d731615120329; expires=Tue, 06-Apr-21 12:32:09 GMT; path=/; domain=.reqres.in; HttpOnly; SameSite=Lax; Secure
X-Powered-By: Express
Access-Control-Allow-Origin: *
Etag: W/"54-LQbEDPzYTm4mBm/RxfiiwJRxMKk"
Via: 1.1 vegur
CF-Cache-Status: DYNAMIC
cf-request-id: 08ae4581170000dd0e52096000000001
Expect-CT: max-age=604800, report-uri="https://report-uri.cloudflare.com/cdn-cgi/beacon/expect-ct"
Report-To: {"endpoints":[{"url":"https:\/\/a.nel.cloudflare.com\/report?s=8bPZCA4IKhHRRW9yT0XQddGZb4%2B5pKbxC%2FJmxPD5S5Wyv%2Bn6Ww7GH1KzmWDQP%2BrG5Rmp4FulT3%2BCiOUFBPGpFbsMzI87mZt2sO8%3D"}],"group":"cf-nel","max_age":604800}
NEL: {"max_age":604800,"report_to":"cf-nel"}
Server: cloudflare
CF-RAY: 62c3d8481b26dd0e-SIN
alt-svc: h3-27=":443"; ma=86400, h3-28=":443"; ma=86400, h3-29=":443"; ma=86400

{
    "name": "morpheus",
    "job": "leader",
    "id": "738",
    "createdAt": "2021-03-07T12:32:09.337Z"
}
]]></system-out>
    <system-err><![CDATA[SLF4J: Failed to load class "org.slf4j.impl.StaticLoggerBinder".
SLF4J: Defaulting to no-operation (NOP) logger implementation
SLF4J: See http://www.slf4j.org/codes.html#StaticLoggerBinder for further details.
]]></system-err>
  </testcase>
</testsuite>