<?xml version="1.0" encoding="UTF-8"?>
<testng-results skipped="0" failed="0" ignored="0" total="1" passed="1">
  <reporter-output>
  </reporter-output>
  <suite name="Default suite" duration-ms="12437" started-at="2021-03-07T12:26:41Z" finished-at="2021-03-07T12:26:54Z">
    <groups>
    </groups>
    <test name="Default test" duration-ms="12437" started-at="2021-03-07T12:26:41Z" finished-at="2021-03-07T12:26:54Z">
      <class name="ApiTest.PostRequest">
        <test-method status="PASS" signature="PostData()[pri:0, instance:ApiTest.PostRequest@7ff95560]" name="PostData" is-config="true" duration-ms="1845" started-at="2021-03-07T12:26:41Z" finished-at="2021-03-07T12:26:43Z">
          <reporter-output>
          </reporter-output>
        </test-method> <!-- PostData -->
        <test-method status="PASS" signature="testPost()[pri:0, instance:ApiTest.PostRequest@7ff95560]" name="testPost" duration-ms="10115" started-at="2021-03-07T12:26:43Z" finished-at="2021-03-07T12:26:53Z">
          <reporter-output>
          </reporter-output>
        </test-method> <!-- testPost -->
      </class> <!-- ApiTest.PostRequest -->
    </test> <!-- Default test -->
  </suite> <!-- Default suite -->
</testng-results>
